[2021-05-12 19:02:23 INFO]: install::setup-logging ended
================
[2021-05-12 19:02:23 INFO]: install::start-up started
[2021-05-12 19:02:23 INFO]: install::start-up build image
[2021-05-12 19:02:23 INFO]: install::start-up running image
[2021-05-12 19:02:23 INFO]: install::start-up ended
================
[2021-05-12 19:11:06 INFO]: install::root-check started
[2021-05-12 19:11:06 INFO]: install::root-check ended
================
[2021-05-12 19:11:06 INFO]: install::docker-check started
[2021-05-12 19:11:06 INFO]: install::docker-check ended
================
[2021-05-12 19:11:06 INFO]: install::docker-compose-check started
[2021-05-12 19:11:06 INFO]: install::docker-compose-check ended
================
[2021-05-12 19:11:06 INFO]: install::tear-down started
[2021-05-12 19:11:06 INFO]: install::tear-down starting services
[2021-05-12 19:11:06 INFO]: install::tear-down ended
================
